<?xml version="1.0" encoding="UTF-8"?>
<!-- Generated by org.testng.reporters.JUnitReportReporter -->
<testsuite skipped="0" hostname="ADMINRG-5P4SOQB" name="com.parameter.testng.ParametersNgTest" tests="3" failures="0" timestamp="29 Jul 2018 13:17:54 GMT" time="0.015" errors="0">
  <testcase name="firstTest" time="0.012" classname="com.parameter.testng.ParametersNgTest"/>
  <testcase name="secondTest" time="0.002" classname="com.parameter.testng.ParametersNgTest"/>
  <testcase name="thirdTest" time="0.001" classname="com.parameter.testng.ParametersNgTest"/>
</testsuite> <!-- com.parameter.testng.ParametersNgTest -->
